<?xml version="1.0" encoding="UTF-8"?>
<!-- Generated by org.testng.reporters.JUnitReportReporter -->
<testsuite hostname="DESKTOP-NFKHIEI" failures="0" tests="1" name="com.todos.tests.AddTodoTest" time="10.154" errors="0" timestamp="25 Oct 2020 12:58:49 GMT">
  <testcase classname="com.todos.tests.AddTodoTest" name="iCanAddTodo" time="10.154"/>
</testsuite> <!-- com.todos.tests.AddTodoTest -->
